[    0.000000] Linux version.15.0-34-generic (buildd@lgw01-amd64-047) (gcc version 7.3.0 (Ubuntu 7.3.0-16ubuntu3)) #37-Ubuntu SMP Mon Aug 27 15:21:48 UTC 2018 (Ubuntu 4.15.0-34.37-generic 4.15.18)
[    0.000000] Command line: BOOT_IMAGE=/boot/vmlinuz-4.15.0-34-generic root=LABEL=cloudimg-rootfs ro console=tty1 console=ttyS0
[    0.000000] KERNEL supported cpus:
[    0.000000]   Intel GenuineIntel
[    0.000000]   AMD AuthenticAMD
[    0.000000]   Centaur CentaurHauls
[    0.000000] x86/fpu: Supporting XSAVE feature 0x001: 'x87 floating point registers'
[    0.000000] x86/fpu: Supporting XSAVE feature 0x002: 'SSE registers'
[    0.000000] x86/fpu: Supporting XSAVE feature 0x004: 'AVX registers'
[    0.000000] x88/fpu: xstate_offse[2:  576, xstate_sizes[2]:  256
[    0.000000] x86/fpu: Enabled xstate features 0x7, context size is 832 bytes, using 'standard' format.
[    0.000000] e820: BIOS-provided physical RAM map:
[    0.000000] BIOS-e820: [mem 0x0000000000000000-0x000000000009fbff] usable
[    0.000000] BIOS-e820: [mem 0x000000000009fc00-0x000000000009ffff] reserved
[    0.000000] BIOS-e820: [mem 0x00000000000f0000-0x00000000000fffff] reserved
[    0.000000] BIOS-e820: [mem 0x0000000000100000-0x000000003ffeffff] usable
[    0.000000] BIOS-e820: [mem 0x000000003fff0000-0x000000003fffffff] ACPI data
[    0.000000] BIOS-e820: [mem 0x00000000fec00000-0x00000000fec00fff] reserved
[    0.000000] BIOS-e820: [mem 0x00000000fee00000-0x00000000fee00fff] reserved
[    0.000000] BIOS-e820: [mem 0x00000000fffc0000-0x00000000ffffffff] reserved
[    0.000000] NX (Execute Disable) protection: active
[    0.000000] SMBIOS 2.5 present.
[    0.000000] DMI: innotek GmbH VirtualBox/VirtualBox, BIOS VirtualBox 12/01/2006
[    0.000000] Hypervisor detected: KVM
[    0.000000] e820: last_pfn = 0x3fff0 max_arch_pfn = 0x400000000
[    0.000000] MTRR: Disabled
[    0.000000] x86/PAT: MTRRs disabled, skipping PAT initialization too.
[    0.000000] CPU MTRRs all blank - virtualized system.
[    0.000000] x86/PAT: Configuration [0-7]: WB  WT  UC- UC  WB  WT  UC- UC  
[    0.000000] found SMP MP-table at [mem 0x0009fff0-0x0009ffff] mapped at [        (ptrval)]
[    0.000000] Scanning 1 areas for low memory corruption
[    0.00000] RAMDISK: [mem 0x35ae5000-0x36d69fff]
[    0.000000] ACPI: Early table checksum verification disabled
[    0.000000] ACPI: RSDP 0x00000000000E0000 000024 (v02 VBOX  )
[    0.000000] ACPI: XSDT 0x000000003FFF0030 00003C (v01 VBOX   VBOXXSDT 00000001 ASL  00000061)
[    0.000000] ACPI: FACP 0x000000003FFF00F0 0000F4 (v04 VBOX   VBOXFACP 00000001 ASL  00000061)
[    0.000000] ACPI: DSDT 0x000000003FFF0470 0021FF (v02 VBOX   VBOXBIOS 00000002 INTL 20180105)
[    0.000000] ACPI: FACS 0x000000003FFF0200 000040
[    0.000000] ACPI: FACS 0x000000003FFF0200 000040
[    0.000000] ACPI: APIC 0x000000003FFF0240 00005C (v02 VBOX   VBOXAPIC 00000001 ASL  00000061)
[    0.000000] ACPI: SSDT 0x000000003FFF02A0 0001CC (v01 VBOX   VBOXCPUT 00000002 INTL 20180105)
[    0.000000] No NUMA configuration found
[    0.000000] Faking a node at [mem 0x0000000000000000-0x000000003ffeffff]
[    0.000000] NODE_DATA(0) allocated [mem 0xffc5000-0x3ffeffff][    0.000000] kvm-clok:cpu 0, mr 0:f44001 primay cpu lock
[    0.000000] kvm-ock:Usin msrs b564d01 and 4b54d00
[   0000000 km-clock: using sched offset of 3330236575 cycles
[    0.000000] clocksource: kvm-clock: mask: 0xffffffffffffffff max_cycles: 0x1cd42e4dffb, max_idle_ns: 881590591483 ns
[    0.000000] Zone ranges:
[    0.000000]   DMA      [mem 0x0000000000001000-0x0000000000ffffff]
[    0.000000]   DMA32    [mem 0x0000000001000000-0x000000003ffeffff]
[    0.000000]   Normal   empty
[    0.000000]   Device   empty
[    0.000000] Movable zone start for each node
[    0.000000] Early memory node ranges
[    0.000000]   node   0: [mem 0x0000000000001000-0x000000000009efff]
[    0.000000]   node   0: [mem 0x0000000000100000-0x000000003ffeffff]
[    0.000000] Initmem setup node 0 [mem 0x0000000000001000-0x000000003ffeffff]
[    0.000000] Reserved but unavailable: 98 pages
[    0.000000] ACPI: PM-Timer IO Port: 0x4008
[    0.000000] IOAPIC[0]: apic_id 2, version 32, address 0xfc0000,GSI -2
[    0000000] ACPI:INT_RC_OR (bus  busirq  global_irq 2 dfl dfl)
[    0.000000] ACPI: INT_SRC_OVR (bus 0 bus_irq 9 global_irq 9 low leel)
[   0000000] Using ACPI (MADT) for SMP configuration information
[    0.000000] smpboot: Allowing 2 CPUs, 0 hotpug CPUs
[    0.000000] PM: Registered nosave memory: [mem 0x00000000-0x00000fff]
[    0.000000] PM: Registered nosave memory: [mem 0x0009f000-0x0009ffff]
[    0.000000] PM: Registered nosave memory: [mem 0x000a00000x000effff]
[    0.000000] PM: Registered nosave memory: [mem 0x000f0000-0x000fffff]
[    0.000000] e820: [mem 0x40000000-0xfebfffff] available for PCI devices
[    0.000000] Booting paravirtualized kernel on KVM
[    0.000000] clocksource: refined-jiffies: mask: 0xffffffff max_cycles: 0xffffffff, max_idle_ns: 7645519600211568 ns
[    0.000000] random: get_random_bytes called from start_kernel+0x99/0x4fd with crng_init=0
[    0.000000] setup_percpu: NR_CPUS:8192 nr_cpumask_bits:2 nr_cpu_ids:2 nr_node_ids:1
[    0.000000] percpu: Embedded 46 pages/cpu @       (ptrva) 151552 r8192 d28672 u148576
[    0.000000] PV qspinlock hash table entries: 256 (order: 0, 4096 bytes)
[    0.000000] Built 1 zoneliss, mobility grouping on.  Total ags: 257913
[    0.000000] Polcy zone: DMA32
[    0.000000] Kernel command line: BOOT_IMAGE=/boot/vmlinuz-4.15.0-34-generic root=LABEL=cloudimg-rootfs ro console=tty1 console=ttyS0
[    0.000000] Memory: 983620K/1048120K available (12300K kernel code, 2471K rwdata, 4244K rodata, 2408K init, 2416K bss, 64500K resered 0K cma-reserved)
[   0.000000 SLUB: HWalign=4, Order=0-3, MinObjects=0, CPUs=2, Nodes=1
[    0.000000] Kernel/User page tables isolation: enabled
[    0.000000] ftrace: allocating 39147 entries in 153 pages
[    0.004000] Hierarchical RCU implementation.
[    0.004000] 	RCU restricting CPUs from NR_CPUS=8192 to nr_cpu_ids=2.
[    0.004000] 	Tasks RCU enabled.
[    0.004000] RCU: Adjusting geomtry for rcu_fanout_leaf=16, nr_cpu_ids=2
[    0.004000] NR_IRQS: 524544, nr_irqs: 440, preallocat irqs: 16
[    0.004000] Console: colour VGA+ 80x25
[    0.004000] console [tty1] enabled
[    0.004000] console [ttyS0] enabled
[    0.004000] ACPI: Core revision 20170831
[    0.004000] ACPI: 2 APIAML tale successfully acquired and loaded
[    0.004000] APIC: Switch to symmetric I/O mode setup
[   0.004000] x2apic enabled
[    0.004009] Switched APIC routing to physical x2apic.
[    0.009592] ..TIMER: vector=0x30 apic1=0 pin1=2 apic2=-1 pin2=-1
[    0.012007] tsc: Detected 2711.580 MHz processor
[    0.016025] Calibrating delay loop (skipped) preset value.. 5423.16 BogoMIPS (lpj=10846320)
[    0.020011] pid_max: default: 32768 minimum: 301
[    0.024056] Security Framework initialized
[    0.024749] Yama: becoming mindful.
[    0.025345] AppArmor: AppArmor initialized
[    0.026725] Dentry cache hash table entries: 131072 (order: 8, 1048576 bytes)
[    0.028101] Inode-cache hash table entries: 65536 (order: 7, 524288 bytes)
[    0.032043] Mount-cache hash table entries: 2048 (order: 2, 16384 bytes)
[    0.036025] Mountpoint-cache hash table entries: 2048 (order: 2, 16384 bytes)
[    0.040321] mce: CPU supports 0 MCE banks
[    0.044029] Last level iTLB entries: 4KB 64, 2MB 8, 4MB 8
[    0.044909] Last level dTLB entries: 4KB 64, 2MB 0, 4MB 0, 1GB 4
[    0.048005] Spectre V2 : Mitigation: Full generic retpoline
[    0.048855] Spectre V2 : Spectre v2 mitigation: Filling RSB on context switch
[    0.049950] Speculative Store Bypass: Vulnerable
[    0.052115] Freeing SMP alternatives memory: 36K
[    0.060000] smpboot: CPU0: Intel(R) Core(TM) i5-7200U CPU @ 2.50GHz (family: 0x6, model: 0x8e, stepping: 0x9)
[    0.060122] Performance Events: unsupported p6 CPU model 142 no PMU driver, software events only.
[    0.064089] Hierarchical SRCU implementation.
[    0.068735] NMI watchdog: Perf event create on CPU 0 failed with -2
[    0.072007] NMI watchdog: Perf NMI watchdog permanently disabled
[    0.076081] smp: Bringing up secondary CPUs ...
[    0.080135] x86: Booting SMP configuration:
[    0.084011] .... node  #0, CPUs:      #1
[    0.004000] kvm-clock: cpu 1, msr 0:3ff44041, secondary cpu clock
[    0.004000] mce: CPU supports 0 MCE banks
[    0.202957] smp: Brought up 1 node, 2 CPUs
[    0.204015] smpboot: Max logical packages: 1
[    0.208013] smpboot: Total of 2 processors activated (10846.32 BogoMIPS)
[    0.212198] devtmpfs: initialized
[    0.216077] x86/mm: Memory block size: 128MB
[    0.220204] evm: security.selinux
[    0.224014] evm: security.SMACK64
[    0.228007] evm: security.SMACK64EXEC
[    0.232006] evm: security.SMACK64TRANSMUTE
[    0.236009] evm: security.SMACK64MMAP
[    0.240009] evm: security.apparmor
[    0.244010] evm: security.ima
[    0.248009] evm: security.capability
[    0.252109] clocksource: jiffies: mask: 0xffffffff max_cycles: 0xffffffff, max_idle_ns: 7645041785100000 ns
[    0.256025] futex hash table entries: 512 (order: 3, 32768 bytes)
[    0.260122] pinctrl core: initialized pinctrl subsystem
[    0.264632] RTC time: 23:58:26, date: 09/14/18
[    0.268219] NET: Registered protocol family 16
[    0.272132] audit: initializing netlink subsys (disabled)
[    0.276073] audit: type=2000 audit(1536969498.681:1): state=initialized audit_enabled=0 res=1
[    0.348013] cpuidle: using governor ladder
[    0.352020] cpuidle: using governor menu
[    0.356065] ACPI: bus type PCI registered
[    0.360010] acpiphp: ACPI Hot Plug PCI Controller Driver version: 0.5
[    0.364128] PCI: Using configuration type 1 for base access
[    0.373225] HugeTLB registered 2.00 MiB page size, pre-allocated 0 pages
[    0.380261] ACPI: Added _OSI(Module Device)
[    0.384042] ACPI: Added _OSI(Processor Device)
[    0.388012] ACPI: Added _OSI(3.0 _SCP Extensions)
[    0.388869] ACPI: Added _OSI(Processor Aggregator Device)
[    0.389811] ACPI: Added _OSI(Linux-Dell-Video)
[    0.390608] ACPI: Added _OSI(Linux-Lenovo-NV-HDMI-Audio)
[    0.392312] ACPI: Executed 1 blocks of module-level executable AML code
[    0.402647] ACPI: Interpreter enabled
[    0.404032] ACPI: (supports S0 S5)
[    0.408012] ACPI: Using IOAPIC for interrupt routing
[    0.412422] PCI: Using host bridge windows from ACPI; if necessary, use "pci=nocrs" and report a bug
[    0.416176] ACPI: Enabled 2 GPEs in block 00 to 07
[    0.428530] ACPI: PCI Root Bridge [PCI0] (domain 0000 [bus 00-ff])
[    0.432024] acpi PNP0A03:00: _OSC: OS supports [ASPM ClockPM Segments MSI]
[    0.436061] acpi PNP0A03:00: _OSC: not requesting OS control; OS requires [ExtendedConfig ASPM ClockPM MSI]
[    0.440032] acpi PNP0A03:00: fail to add MMCONFIG information, can't access extended PCI configuration space under this bridge.
[    0.444371] PCI host bridge to bus 0000:00
[    0.448017] pci_bus 0000:00: root bus resource [io  0x0000-0x0cf7 window]
[    0.452015] pci_bus 0000:00: root bus resource [io  0x0d00-0xffff window]
[    0.456016] pci_bus 0000:00: root bus resource [mem 0x000a0000-0x000bffff window]
[    0.460013] pci_bus 0000:00: root bus resource [mem 0x40000000-0xfdffffff window]
[    0.464015] pci_bus 0000:00: root bus resource [bus 00-ff]
[    0.472924] pci 0000:00:01.1: legacy IDE quirk: reg 0x10: [io  0x01f0-0x01f7]
[    0.476012] pci 0000:00:01.1: legacy IDE quirk: reg 0x14: [io  0x03f6]
[    0.480012] pci 0000:00:01.1: legacy IDE quirk: reg 0x18: [io  0x0170-0x0177]
[    0.484011] pci 0000:00:01.1: legacy IDE quirk: reg 0x1c: [io  0x0376]
[    0.506317] pci 0000:00:07.0: quirk: [io  0x4000-0x403f] claimed by PIIX4 ACPI
[    0.508028] pci 0000:00:07.0: quirk: [io  0x4100-0x410f] claimed by PIIX4 SMB
[    0.521939] ACPI: PCI Interrupt Link [LNKA] (IRQs 5 9 10 *11)
[    0.524340] ACPI: PCI Interrupt Link [LNKB] (IRQs 5 9 *10 11)
[    0.528171] ACPI: PCI Interrupt Link [LNKC] (IRQs 5 *9 10 11)
[    0.532198] ACPI: PCI Interrupt Link [LNKD] (IRQs 5 9 10 *11)
[    0.536491] SCSI subsystem initialized
[    0.540102] pci 0000:00:02.0: vgaarb: setting as boot VGA device
[    0.544000] pci 0000:00:02.0: vgaarb: VGA device added: decodes=io+mem,owns=io+mem,locks=none
[    0.544015] pci 0000:00:02.0: vgaarb: bridge control possible
[    0.548009] vgaarb: loaded
[    0.552069] ACPI: bus type USB registered
[    0.552742] usbcore: registered new interface driver usbfs
[    0.553579] usbcore: registered new interface driver hub
[    0.556102] usbcore: registered new device driver usb
[    0.560132] EDAC MC: Ver: 3.0.0
[    0.564306] PCI: Using ACPI for IRQ routing
[    0.568309] NetLabel: Initializing
[    0.572009] NetLabel:  domain hash size = 128
[    0.576008] NetLabel:  protocols = UNLABELED CIPSOv4 CALIPSO
[    0.580032] NetLabel:  unlabeled traffic allowed by default
[    0.584087] clocksource: Switched to clocksource kvm-clock
[    0.706475] VFS: Disk quotas dquot_6.6.0
[    0.871270] VFS: Dquot-cache hash table entries: 512 (order 0, 4096 bytes)
[   .903204] AppArmor: AppArmor ilsystem Enabled
[    1.142483] pnp: PnP ACPI init
[  11549] p:nPAC: un3 vies

[  1074]losoceaci_pm: mask: 0xffffff max_cycles: 0xffffff, max_idle_ns: 2085701024 n
  2.39] T:egted otolamy 

[    2.764998] TCP established hash abe ntries 82 rd:  636yt)
[    3.346628] TCP bind hash table entries: 8192 (order: 5, 131072 bytes)
[    3.591702] TCP: Hash tables configured (established 8192 bind 8192)
[    3.613616] UDP hash table entries: 512 (order: 2, 16384 bytes)
[    .605 U-Le shabe enris:12orr:2,16384 bytes)
  4.60] T:egted otolamy 
[   4.252] pci 0000:00:00.0: Limiting dirctPCPCtrsfrs
  5.19] i 000:.0AcvangSAMAan wrkrods
[   5.88] i 00002. Veoeve thshow R a[m 000000x00dffff]
[    6.983443]Unckg itmf..
[    7.588317] Freeing initrd memory: 18964K
[    7.667501] platform rtc_cmos: registered platform RTC device (no PNP device found)
[    7.762507] Scanning for low memory corruption every 60 seconds
[    7.932847] Initialise system trusted keyrings
[    7.939347] Key type blacklist registered
[    7.940122] workingset: timestamp_bits=36 max_order=18 bucket_order=0
[   77.949973] zbud: loaded
[    8.002907] squashfs: version 4.0 (2009/01/31) Phillip Lougher
[    8.083985] fuse init (API version 7.26)
[    8.095789] Key type asymmetric registered
[    8.105792] Asymmetric key parser 'x509' registered
[    8.122563] Block layer SCSI generic (bsg) driver version 0.4 loaded (major 246)
[    8.162473] io scheduler noop registered
[    8.212208] io scheduler deadline registered
[    8.292266] io scheduler cfq registered (default)
[    8.342752] ACPI: AC Adapter [AC] (off-line)
[    8.622511] input: Power Button as /devices/LNXSYSTM:00/LNXPWRBN:00/input/input0
[    8.626564] ACPI: Power Button [PWRF]
[    8.627230] input: Sleep Button as /devices/LNXSYSTM:00/LNXSLPBN:00/input/input1
[    8.662486] ACPI: Sleep Button [SLPF]
[    8.682544] tsc: Refined TSC clocksource calibration: 2711.919 MHz
[    9.002564] clocksource: tsc: mask: 0xffffffffffffffff max_cycles: 0x271739b3f60, max_idle_ns: 440795222321 ns
[    9.003461] ACPI: Battery Slot [BAT0] (battery present)
[    9.005197] Serial: 8250/16550 driver, 32 ports, IRQ sharing enabled
[  90298002:ty aI/0x8 rq 4ba_bd 1100is 150

[    995864] Linux agpgart interface v0.103
[   10.050864] loop: module loaded
[   10.097032] scsi host0: ata_piix
[   10.121840] scsi host1: ata_piix
[   10.180364] ata1: PATA max UDMA/33 cmd 0x1f0 ctl 0x3f6 bmdma 0xd000 irq 14
[   10.308359] ata2: PATA max UDMA/33 cmd 0x170 ctl 0x376 bmdma 0xd008 irq 15
[   10.309528] libphy: Fixed MDIO Bus: probed
[   10.452466] tun: Universal TUN/TAP device driver, 1.6
[   10.474255] PPP generic driver version 2.4.2
[   10.529514] ehci_hcd: USB 2.0 'Enhanced' Host Controller (EHCI) Driver
[   10.609964] ehci-pci: EHCI PCI platform driver
[   10.692337] ehci-platform: EHCI generic platform drve
[  10.929905] ohcihcd: USB 1.1 'Open' Host Controller (OHCI) Driver
[   11.068242] ohci-pci: OHCI PCI platform driver
[   11.068996] ohci-platform: OHCI generic platform driver
[   11.069817] uhci_hcd: USB Universal Host Controller Interface driver
  111487] 04: NP P/2Cotrll [NP30PS,P0f:PM]t 60x6 irq 1,12
[   11.993473] serio: i8042 KBD port at 0x60,0x64 irq 
[   121839seo:80 A pt  00,64rq2
[   12.799837] mousedev: PS/2 mouse device common for all mice
[   12.864968] input: AT Translated Set 2 keyboard as /devices/platform/i8042/serio0/input/input2
[   12.872139] rtc_cmos rtc_cmos: rtc core: registered rtc_cmos as rtc0
[   12.872213] rtc_cmos rtc_cmos: alarms up to one day, 114 bytes nvram
[   12.872227] i2c /dev entries driver
[   12.872296] device-mapper: uevent: version 1.0.3
[   12.872362] device-mapper: ioctl: 4.37.0-ioctl (2017-09-20) initialised: dm-devel@redhat.com
[   13.108481] ledtrig-cpu: registered to indicate activity on CPUs
[   13.183617] NET: Registered protocol family 10
[   13.207126] Segment Routing with IPv6
[   13.224412] NET: Registered protocol family 17
[   13.244869] Key type dns_resolver registered
[   13.333344] RAS: Correctable Errors collector initialized.
[   13.354805] sched_clock: Marking stable (13354750835, 0)->(29059118114, -15704367279)
[   13.377211] registered taskstats version 1
[   13.397026] Loading compiled-in X.509 certificates
[   13.465605] Loaded X.509 cert 'Build time autogenerated kernel key: 197c80222fd2638086c51a9b9e4961ca73d6ea07'
[   13.474107] zswap: loaded using pool lzo/zbud
[   13.487167] Key type big_key registered
[   13.504841] Key type trusted registered
[   13.507064] Key type encrypted registered
[   13.533158] AppArmor: AppArmor sha1 policy hashing enabled
[   13.537963] ima: No TPM chip found, activating TPM-bypass! (rc=-19)
[   13.540689] ima: Allocated hash algorithm: sha1
[   13.692952] evm: HMAC attrs: 0x1
[   13.733173]   Magic number: 2:953:1009
[   13.753446] rtc_cmos rtc_cmos: setting system clock to 2018-09-14 23:58:42 UTC (1536969522)
[   13.822548] BIOS EDD facility v0.16 2004-Jun-25, 0 devices found
[   13.826569] EDD information not available.
[   13.829819] Freeing unused kernel memory: 2408K
[   13.868121] Write protecting the kernel read-only data: 20480k
[   13.893994] Freeing unused kernel memory: 2008K
[   13.916203] Freeing unused kernel memory: 1900K
[   13.998009] x86/mm: Checked W+X mappings: passed, no W+X pages found.
[   14.043310] x86/mm: Checking user space page tables
[   14.048833] x86/mm: Checked W+X mappings: passed, no W+X pages found.
Loading, please wait...
starting version 237
[   14.122054] Fusion MPT base driver 3.04.20
[   14.152552] Copyright (c) 1999-2008 LSI Corporation
[   14.203193] e1000: Intel(R) PRO/1000 Network Driver - version 7.3.21-k8-NAPI
[   14.643076] e1000: Copyright (c) 1999-2006 Intel Corporation.
[   15.036304] Fusion MPT SPI Host driver 3.04.20
[   15.052956] AVX2 version of gcm_enc/dec engaged.
[   15.143299] AES CTR mode by8 optimization enabled
[   15.242331] input: ImExPS/2 Generic Explorer Mouse as /devices/platform/i8042/serio1/input/input4
[   15.505745] e1000 0000:00:03.0 eth0: (PCI:33MHz:32-bit) 02:0e:c5:1b:2a:06
[   15.733564] e1000 0000:00:03.0 eth0: Intel(R) PRO/1000 Network Connection
[   16.140039] e1000 0000:00:08.0 eth1: (PCI:33MHz:32-bit) 08:00:27:bf:d9:af
[   16.173944] e1000 0000:00:08.0 eth1: Intel(R) PRO/1000 Network Connection
[   16.179887] e1000 0000:00:03.0 enp0s3: renamed from eth0
[   16.248412] mptbase: ioc0: Initiating bringup
[   16.485743] e1000 0000:00:08.0 enp0s8: renamed from eth1
[   16.613503] ioc0: LSI53C1030 A0: Capabilities={Initiator}
[   17.837272] scsi host2: ioc0: LSI53C1030 A0, FwRev=00000000h, Ports=1, MaxQ=256, IRQ=20
[   18.774758] scsi 2:0:0:0: Direct-Access     VBOX     HARDDISK         1.0  PQ: 0 ANSI: 5
[   18.956372] scsi target2:0:0: Beginning Domain Validation
[   19.115099] scsi target2:0:0: Domain Validation skipping write tests
[   19.134402] scsi target2:0:0: Ending Domain Validation
[   19.135507] scsi target2:0:0: asynchronous
[   19.144658] scsi 2:0:1:0: Direct-Access     VBOX     HARDDISK         1.0  PQ: 0 ANSI: 5
[   19.552194] scsi target2:0:1: Beginning Domain Validation
[   19.584438] random: fast init done
[   19.704491] scsi target2:0:1: Domain Validation skipping write tests
[   19.714337] scsi target2:0:1: Ending Domain Validation
[   19.715314] scsi target2:0:1: asynchronous
[   19.719094] random: systemd-udevd: uninitialized urandom read (16 bytes read)
[   19.785087] sd 2:0:0:0: Attached scsi generic sg0 type 0
[   19.785241] random: systemd-udevd: uninitialized urandom read (16 bytes read)
[   19.785259] random: systemd-udevd: uninitialized urandom read (16 bytes read)
[   19.785281] sd 2:0:0:0: [sda] 20971520 512-byte logical blocks: (10.7 GB/10.0 GiB)
[   19.785310] sd 2:0:0:0: [sda] Write Protect is off
[   19.785364] sd 2:0:0:0: [sda] Incomplete mode parameter data
[   19.785365] sd 2:0:0:0: [sda] Assuming drive cache: write through
[   19.786327]  sda: sda1
[   19.786751] sd 2:0:0:0: [sda] Attached SCSI disk
[   20.139532] sd 2:0:1:0: [sdb] 20480 512-byte logical blocks: (10.5 MB/10.0 MiB)
[   20.214050] sd 2:0:1:0: Attached scsi generic sg1 type 0
[   20.214268] sd 2:0:1:0: [sdb] Write Protect is off
[   20.214367] sd 2:0:1:0: [sdb] Incomplete mode parameter data
[   20.214368] sd 2:0:1:0: [sdb] Assuming drive cache: write through
[   20.216779] sd 2:0:1:0: [sdb] Attached SCSI disk
Begin: Loading essential drivers ... [   22.036031] raid6: sse2x1   gen()  9860 MB/s
[   22.156033] raid6: sse2x1   xor()  7490 MB/s
[   22.260058] raid6: sse2x2   gen() 10201 MB/s
[   22.368159] raid6: sse2x2   xor()  8668 MB/s
[   22.476057] raid6: sse2x4   gen() 13405 MB/s
[   22.580069] raid6: sse2x4   xor()  9059 MB/s
[   22.676033] raid6: avx2x1   gen() 19942 MB/s
[   22.776031] raid6: avx2x1   xor() 14608 MB/s
[   22.876033] raid6: avx2x2   gen() 22745 MB/s
[   22.984050] raid6: avx2x2   xor() 15812 MB/s
[   23.088050] raid6: avx2x4   gen() 26705 MB/s
[   23.192024] raid6: avx2x4   xor() 17613 MB/s
[   23.244041] raid6: using algorithm avx2x4 gen() 26705 MB/s
[   23.330601] raid6: .... xor() 17613 MB/s, rmw enabled
[   23.420336] raid6: using avx2x2 recovery algorithm
[   23.463161] xor: automatically using best checksumming function   avx       
[   23.480066] async_tx: api initialized (async)
done.
Begin: Running[   23.648678] Btrfs loaded, crc32c=crc32c-intel
 /scripts/init-premount ... done.
Begin: Mounting root file system ... Begin: Running /scripts/[   23.741836] EXT4-fs (sda1): mounted filesystem with ordered data mode. Opts: (null)
local-top ... done.
Begin: Running /scripts/local-premount ... Scanning for Btrfs filesystems
done.
Warning: fsck not present, so skipping root file system
done.
Begin: Running /scripts/local-bottom ... done.
Begin: Running /scripts/init-bottom ... done.
[   23.950260] ip_tables: (C) 2000-2006 Netfilter Core Team
[   24.085705] systemd[1]: systemd 237 running in system mode. (+PAM +AUDIT +SELINUX +IMA +APPARMOR +SMACK +SYSVINIT +UTMP +LIBCRYPTSETUP +GCRYPT +GNUTLS +ACL +XZ +LZ4 +SECCOMP +BLKID +ELFUTILS +KMOD -IDN2 +IDN -PCRE2 default-hierarchy=hybrid)
[   25.655379] systemd[1]: Detected virtualization oracle.
[   25.765865] systemd[1]: Detected architecture x86-64.

Welcome to [1mUbuntu 18.04.1 LTS[0m!

[   25.885430] systemd[1]: Set hostname to <ubuntu-bionic>.
[   26.279582] systemd[1]: Created slice User and Session Slice.
[[0;32m  OK  [0m] Created slice User and Session Slice.
[   26.694630] systemd[1]: Set up automount Arbitrary Executable File Formats File System Automount Point.
[[0;32m  OK  [0m] Set up automount Arbitrary Executab…rmats File System Automount Point.
[   27.261909] systemd[1]: Reached target System Time Synchronized.
[[0;32m  OK  [0m] Reached target System Time Synchronized.
[   27.293418] systemd[1]: Created slice System Slice.
[[0;32m  OK  [0m] Created slice System Slice.
[   28.232300] systemd[1]: Listening on Journal Audit Socket.
[[0;32m  OK  [0m] Listening on Journal Audit Socket.
[   28.350314] systemd[1]: Listening on Device-mapper event daemon FIFOs.
[[0;32m  OK  [0m] Listening on Device-mapper event daemon FIFOs.
[   29.118470] systemd[1]: Listening on udev Kernel Socket.
[[0;32m  OK  [0m] Listening on udev Kernel Socket.
[   29.145179] systemd[1]: Listening on Syslog Socket.
[[0;32m  OK  [0m] Listening on Syslog Socket.
[   29.259359] systemd[1]: Listening on Journal Socket (/dev/log).
[[0;32m  OK  [0m] Listening on Journal Socket (/dev/log).
[   29.532318] systemd[1]: Listening on Journal Socket.
[[0;32m  OK  [0m] Listening on Journal Socket.
[   29.801257] systemd[1]: Starting Uncomplicated firewall...
         Starting Uncomplicated firewall...
[   29.886647] systemd[1]: Starting Remount Root and Kernel File Systems...
         Starting Remount Root and Kernel File Systems...
[   30.001107] EXT4-fs (sda1): re-mounted. Opts: (null)
[   30.052252] systemd[1]: Mounting Kernel Debug File System...
         Mounting Kernel Debug File System...
[   30.144038] systemd[1]: Starting Create list of required static device nodes for the current kernel...
         Starting Create list of required st…ce nodes for the current kernel...
[   30.284763] systemd[1]: Created slice system-serial\x2dgetty.slice.
[[0;32m  OK  [0m] Created slice system-serial\x2dgetty.slice.
[   30.394235] systemd[1]: Mounting POSIX Message Queue File System...
         Mounting POSIX Message Queue File System...
[[0;32m  OK  [0m] Listening on LVM2 metadata daemon socket.
         Starting Journal Service...
[   30.476666] random: crng init done
[   30.549427] random: 7 urandom warning(s) missed due to ratelimiting
[[0;32m  OK  [0m] Listening on /dev/initctl Compatibility Named Pipe.
[[0;32m  OK  [0m] Listening on Network Service Netlink Socket.
[[0;32m  OK  [0m] Reached target User and Group Name Lookups.
[[0;32m  OK  [0m] Reached target Slices.
[[0;32m  OK  [0m] Listening on LVM2 poll daemon socket.
         Mounting Huge Pages File System...
         [   30.654744] Loading iSCSI transport class v2.0-870.
Starting Load Kernel Modules...
[[0;32m  OK  [0m] Reached target Swap.
         [   30.664667] iscsi: registered transport (tcp)
Starting Monitoring of LVM2 mirrors…ng dmeventd or progress polling...
[   30.711408] iscsi: registered transport (iser)
[[0;32m  OK  [0m] Listening on udev Control Socket.
         Starting udev Coldplug all Devices...
[[0;32m  OK  [0m] Started Forward Password Requests to Wall Directory Watch.
         Starting Set the console keyboard layout...
[[0;32m  OK  [0m] Started Journal Service.
[[0;32m  OK  [0m] Started Uncomplicated firewall.
[[0;32m  OK  [0m] Started Remount Root and Kernel File Systems.
[[0;32m  OK  [0m] Mounted Kernel Debug File System.
[[0;32m  OK  [0m] Started Create list of required sta…vice nodes for the current kernel.
[[0;32m  OK  [0m] Mounted POSIX Message Queue File System.
[[0;32m  OK  [0m] Mounted Huge Pages File System.
[[0;32m  OK  [0m] Started Load Kernel Modules.
[[0;32m  OK  [0m] Started Set the console keyboard layout.
[[0;32m  OK  [0m] Started LVM2 metadata daemon.
         Mounting FUSE Control File System...
         Starting Apply Kernel Variables...
         Mounting Kernel Configuration File System...
         Starting Create Static Device Nodes in /dev...
         Starting Load/Save Random Seed...
         Starting Initial cloud-init job (pre-networking)...
         Starting Flush Journal to Persistent Storage...
[[0;32m  OK  [0m] Started Monitoring of LVM2 mirrors,…sing dmeventd or progress polling.
[[0;32m  OK  [0m] Started udev Coldplug all Devices.
[[0;32m  OK  [0m] Mounted FUSE Control File System.
[[0;32m  OK  [0m] Started Apply Kernel Variables.
[[0;32m  OK  [0m] Mounted Kernel Configuration File System.
[[0;32m  OK  [0m] Started Create Static Device Nodes in /dev.
[[0;32m  OK  [0m] Started Load/Save Random Seed.
         Starting udev Kernel Device Manager...
[[0;32m  OK  [0m] Reached target Local File Systems (Pre).
[[0;32m  OK  [0m] Reached target Local File Systems.
         Starting Tell Plymouth To Write Out Runtime Data...
         Starting AppArmor initialization...
         Starting Set console font and keymap...
         Starting ebtables ruleset management...
[[0;32m  OK  [0m] Started udev Kernel Device Manager.
[[0;32m  OK  [0m] Started Flush Journal to Persistent Storage.
[[0;32m  OK  [0m] Started Tell Plymouth To Write Out Runtime Data.
[[0;32m  OK  [0m] Started Set console font and keymap.
[[0;32m  OK  [0m] Found device /dev/ttyS0.
[[0;32m  OK  [0m] Started ebtables ruleset management.
[[0;32m  OK  [0m] Listening on Load/Save RF Kill Switch Status /dev/rfkill Watch.
         Starting Create Volatile Files and Directories...
[[0;32m  OK  [0m] Started Dispatch Password Requests to Console Directory Watch.
[[0;32m  OK  [0m] Reached target Local Encrypted Volumes.
[[0;32m  OK  [0m] Started Create Volatile Files and Directories.
         Starting Update UTMP about System Boot/Shutdown...
[[0;32m  OK  [0m] Started Update UTMP about System Boot/Shutdown.
[[0;32m  OK  [0m] Started AppArmor initialization.
[   32.895092] cloud-init[411]: Cloud-init v. 18.3-9-g2e62cb8a-0ubuntu1~18.04.2 running 'init-local' at Fri, 14 Sep 2018 23:59:01 +0000. Up 32.71 seconds.
[[0;32m  OK  [0m] Started Initial cloud-init job (pre-networking).
[[0;32m  OK  [0m] Reached target Network (Pre).
         Starting Network Service...
[[0;32m  OK  [0m] Started Network Service.
         Starting Wait for Network to be Configured...
         Starting Network Name Resolution...
[[0;32m  OK  [0m] Started Network Name Resolution.
[[0;32m  OK  [0m] Reached target Network.
[[0;32m  OK  [0m] Reached target Host and Network Name Lookups.
[[0;32m  OK  [0m] Started Wait for Network to be Configured.
         Starting Initial cloud-init job (metadata service crawler)...
[   35.535719] cloud-init[657]: Cloud-init v. 18.3-9-g2e62cb8a-0ubuntu1~18.04.2 running 'init' at Fri, 14 Sep 2018 23:59:03 +0000. Up 35.16 seconds.
[   35.588339] cloud-init[657]: ci-info: ++++++++++++++++++++++++++++++++++++++Net device info+++++++++++++++++++++++++++++++++++++++
[[0;32m  OK  [0m[   35.604933] cloud-init[657]: ci-info: +--------+------+-----------------------------+---------------+--------+-------------------+
[   35.605207] cloud-init[657]: ci-info: | Device |  Up  |           Address           |      Mask     | Scope  |     Hw-Address    |
] Started Initial cloud-init job (metadata service crawler).
[   35.605353] cloud-init[657]: ci-info: +--------+------+-----------------------------+---------------+--------+-------------------+
[[   35.732779] cloud-init[657]: ci-info: | enp0s3 | True |          10.0.2.15          | 255.255.255.0 | global | 02:0e:c5:1b:2a:06 |
[   35.733235] cloud-init[657]: ci-info: | enp0s3 | True |  fe80::e:c5ff:fe1b:2a06/64  |       .       |  link  | 02:0e:c5:1b:2a:06 |
[0;32m  OK  [0m] Reached target Network is Online.
[   35.733780] cloud-init[657]: ci-info: | enp0s8 | True |        192.168.33.10        | 255.255.255.0 | global | 08:00:27:bf:d9:af |
         [   35.884617] Starting iSCSI initiator daemon (iscsid)...cloud-init
[657]: ci-info: | enp0s8 | True | fe80::a00:27ff:febf:d9af/64 |       .       |  link  | 08:00:27:bf:d9:af |
[[   35.960765] cloud-init[657]: ci-info: |   lo   | True |          127.0.0.1          |   255.0.0.0   |  host  |         .         |
[   35.961184] cloud-init[657]: ci-info: |   lo   | True |           ::1/128           |       .       |  host  |         .         |
[0;32m  OK  [0m] Reached target Cloud-config availability.
[   35.961680] cloud-init[657]: ci-info: +--------+------+-----------------------------+---------------+--------+-------------------+
[[0;32m  OK  [0m] Reached target System Initialization.
[   36.021913] cloud-init[657]: ci-info: +++++++++++++++++++++++++++++Route IPv4 info+++++++++++++++++++++++++++++
[[0;32m  OK  [0m[   36.059838] cloud-init[657]: ci-info: +-------+--------------+----------+-----------------+-----------+-------+
[   36.061358] cloud-init[657]: ci-info: | Route | Destination  | Gateway  |     Genmask     | Interface | Flags |
[   36.062274] cloud-init[657]: ci-info: +-------+--------------+----------+-----------------+-----------+-------+
[   36.063188] cloud-init[657]: ci-info: |   0   |   0.0.0.0    | 10.0.2.2 |     0.0.0.0     |   enp0s3  |   UG  |
[   36.064259] cloud-init[657]: ci-info: |   1   |   10.0.2.0   | 0.0.0.0  |  255.255.255.0  |   enp0s3  |   U   |
[   36.065134] cloud-init[657]: ci-info: |   2   |   10.0.2.2   | 0.0.0.0  | 255.255.255.255 |   enp0s3  |   UH  |
] Started Message of the Day.
[   36.065758] cloud-init[657]: ci-info: |   3   | 192.168.33.0 | 0.0.0.0  |  255.255.255.0  |   enp0s8  |   U   |
[[0;32m  OK  [0m] Started Daily Cleanup of Temporary Directories.
[   36.201470] cloud-init[657]: ci-info: +-------+--------------+----------+-----------------+-----------+-------+
[[   36.241189] cloud-init[657]: ci-info: +++++++++++++++++++Route IPv6 info+++++++++++++++++++
[0;32m  OK  [0m] Started Discard unused blocks once a week.
[   36.243274] cloud-init[657]: ci-info: +-------+-------------+---------+-----------+-------+
[[   36.284760] cloud-init[657]: ci-info: | Route | Destination | Gateway | Interface | Flags |
[   36.285217] cloud-init[657]: ci-info: +-------+-------------+---------+-----------+-------+
[0;32m  OK  [0m] Listening on D-Bus System Message Bus Socket.
[   36.285656] cloud-init[657]: ci-info: |   1   |  fe80::/64  |    ::   |   enp0s8  |   U   |
         [   36.352750] Starting Socket activation for snappy daemon.cloud-init
[657]: ci-info: |   2   |  fe80::/64  |    ::   |   enp0s3  |   U   |
[[   36.412655] cloud-init[657]: ci-info: |   4   |    local    |    ::   |   enp0s3  |   U   |
[   36.413079] cloud-init[657]: ci-info: |   5   |    local    |    ::   |   enp0s8  |   U   |
[0;32m  OK  [0m] Started Daily apt download activities.
[   36.413490] cloud-init[657]: ci-info: |   6   |   ff00::/8  |    ::   |   enp0s8  |   U   |
[[0;32m  OK  [0m[   36.620611] ] cloud-initListening on ACPID Listen Socket.[657]: 
ci-info: |   7   |   ff00::/8  |    ::   |   enp0s3  |   U   |
[[0;32m  OK  [0m[   36.635866] cloud-init[657]: ci-info: +-------+-------------+---------+-----------+-------+
] Listening on UUID daemon activation socket.
         Starting LXD - unix socket.
[[0;32m  OK  [0m] Started ACPI Events Check.
[[0;32m  OK  [0m] Reached target Paths.
[[0;32m  OK  [0m] Started Daily apt upgrade and clean activities.
[[0;32m  OK  [0m] Reached target Timers.
[[0;32m  OK  [0m] Listening on Socket activation for snappy daemon.
[[0;32m  OK  [0m] Listening on LXD - unix socket.
[[0;32m  OK  [0m] Started iSCSI initiator daemon (iscsid).
         Starting Availability of block devices...
[[0;32m  OK  [0m] Reached target Remote File Systems (Pre).
[[0;32m  OK  [0m] Reached target Remote File Systems.
[[0;32m  OK  [0m] Reached target Sockets.
[[0;32m  OK  [0m] Reached target Basic System.
         Starting OpenBSD Secure Shell server...
[[0;32m  OK  [0m] Started irqbalance daemon.
         Starting Dispatcher daemon for systemd-networkd...
[[0;32m  OK  [0m] Started D-Bus System Message Bus.
         Starting Accounts Service...
         Starting Permit User Sessions...
         Starting LSB: Record successful boot for GRUB...
[[0;32m  OK  [0m] Started Unattended Upgrades Shutdown.
         Starting LSB: Start Jenkins at boot time...
[[0;32m  OK  [0m] Started Regular background program processing daemon.
[[0;32m  OK  [0m] Started FUSE filesystem for LXC.
         Starting LXD - container startup/shutdown...
[[0;32m  OK  [0m] Started Deferred execution scheduler.
         Starting System Logging Service...
         Starting Login Service...
         Starting LSB: automatic crash report generation...
         Starting Virtualbox guest utils...
         Starting Snappy daemon...
[[0;32m  OK  [0m] Started Dispatcher daemon for systemd-networkd.
[[0;32m  OK  [0m] Started System Logging Service.
[[0;32m  OK  [0m] Started Availability of block devices.
[[0;32m  OK  [0m] Started Permit User Sessions.
[[0;32m  OK  [0m] Started OpenBSD Secure Shell server.
[[0;32m  OK  [0m] Started LXD - container startup/shutdown.
[[0;32m  OK  [0m] Started Login Service.
[[0;32m  OK  [0m] Started Snappy daemon.
         Starting Wait until snapd is fully seeded...
         Starting Authorization Manager...
         Starting Terminate Plymouth Boot Screen...
         Starting Hold until boot process finishes up...
[[0;32m  OK  [0m] Started LSB: automatic crash report generation.
[[0;32m  OK  [0m] Started LSB: Record successful boot for GRUB.
[[0;32m  OK  [0m] Started Virtualbox guest utils.
[[0;32m  OK  [0m] Started Wait until snapd is fully seeded.
[[0;32m  OK  [0m] Started Terminate Plymouth Boot Screen.
[[0;32m  OK  [0m] Started Hold until boot process finishes up.
[[0;32m  OK  [0m] Started Authorization Manager.
[[0;32m  OK  [0m] Started Accounts Service.
         Starting Set console scheme...
[[0;32m  OK  [0m] Started Serial Getty on ttyS0.
         Starting Apply the settings specified in cloud-config...
[[0;32m  OK  [0m] Started Set console scheme.
[[0;32m  OK  [0m] Created slice system-getty.slice.
[[0;32m  OK  [0m] Started Getty on tty1.
[[0;32m  OK  [0m] Reached target Login Prompts.
[[0;32m  OK  [0m] Created slice User Slice of jenkins.
         Starting User Manager for UID 111...
[[0;32m  OK  [0m] Started Session c1 of user jenkins.
[[0;32m  OK  [0m] Started User Manager for UID 111.
[   39.229123] cloud-init[1183]: Cloud-init v. 18.3-9-g2e62cb8a-0ubuntu1~18.04.2 running 'modules:config' at Fri, 14 Sep 2018 23:59:07 +0000. Up 39.00 seconds.
[[0;32m  OK  [0m] Started Apply the settings specified in cloud-config.
[[0;32m  OK  [0m] Started LSB: Start Jenkins at boot time.
[[0;32m  OK  [0m] Reached target Multi-User System.
         Starting Execute cloud user/final scripts...
[[0;32m  OK  [0m] Reached target Graphical Interface.
         Starting Update UTMP about System Runlevel Changes...
[[0;32m  OK  [0m] Started Update UTMP about System Runlevel Changes.
[   40.838406] cloud-init[1312]: Cloud-init v. 18.3-9-g2e62cb8a-0ubuntu1~18.04.2 running 'modules:final' at Fri, 14 Sep 2018 23:59:09 +0000. Up 40.60 seconds.
[   40.887838] cloud-init[1312]: Cloud-init v. 18.3-9-g2e62cb8a-0ubuntu1~18.04.2 finished at Fri, 14 Sep 2018 23:59:09 +0000. Datasource DataSourceNoCloud [seed=/dev/sdb][dsmode=net].  Up 40.82 seconds
[[0;32m  OK  [0m] Started Execute cloud user/final scripts.
[[0;32m  OK  [0m] Reached target Cloud-init target.

Ubuntu 18.04.1 LTS ubuntu-bionic ttyS0

ubuntu-bionic login: 